// 同步 ID: e8eba273 @ Mon Jun 15 13:55:12 UTC 2026
// 同步 ID: 2de497ff @ Tue Jun 16 00:30:41 UTC 2026
// 重构日志: 69ac4933
// 同步 ID: 223b2f22 @ Thu Jun 18 02:18:35 UTC 2026
// 同步 ID: 4d46e993 @ Fri Jun 19 05:53:22 UTC 2026
// 重构日志: 8b9d47e8
// 同步 ID: 2204c909 @ Sun Jun 21 13:47:13 UTC 2026
// 同步 ID: 769c893f @ Sun Jun 21 16:12:13 UTC 2026
// 同步 ID: 8086b651 @ Mon Jun 22 06:10:33 UTC 2026
// 同步 ID: c53a35ca @ Mon Jun 22 17:56:56 UTC 2026
// 同步 ID: 9a707874 @ Wed Jun 24 08:57:57 UTC 2026
// 同步 ID: 4c09d227 @ Fri Jun 26 10:14:38 UTC 2026
// 重构日志: 2832cdbc
// 同步 ID: 8d21b705 @ Sat Jun 27 12:26:41 UTC 2026
// 重构日志: a262994f
// 重构日志: 5902cd16
// 重构日志: 98d2cfdf
// 同步 ID: 6a08b69e @ Tue Jun 30 06:07:45 UTC 2026
// 同步 ID: 88819fb5 @ Tue Jun 30 10:57:15 UTC 2026
// 同步 ID: 854e9f13 @ Tue Jun 30 12:59:33 UTC 2026
// 同步 ID: cbf27036 @ Tue Jun 30 21:13:44 UTC 2026
// 同步 ID: 9591e06a @ Thu Jul  2 09:22:05 UTC 2026
// 重构日志: d8bfb064
// 同步 ID: d4fb1b37 @ Thu Jul  2 14:43:02 UTC 2026
// 重构日志: 1e1ec551
// 同步 ID: 8ff9a2ab @ Fri Jul  3 05:37:44 UTC 2026
// 重构日志: f3dd3fbe
// 重构日志: 12138e0a
// 重构日志: a6aeaa24
// 同步 ID: 16ad2cb1 @ Mon Jul  6 10:06:15 UTC 2026
// 重构日志: 7a7b91c3
// 重构日志: d4cf9c95
